<?xml version="1.0" encoding="UTF-8"?>
<!-- Generated by org.testng.reporters.JUnitReportReporter -->
<testsuite hostname="Gaurav" failures="0" tests="2" name="FrontPageTest.Ordertest" time="1.990" errors="0" timestamp="2022-08-22T17:56:43 IST" skipped="0">
  <testcase classname="FrontPageTest.Ordertest" name="VerifyFrontPageTest" time="0.430"/>
  <system-out/>
  <testcase classname="FrontPageTest.Ordertest" name="VerifyOrding" time="1.560"/>
  <system-out/>
</testsuite> <!-- FrontPageTest.Ordertest -->
