<?xml version="1.0" encoding="UTF-8"?>
<!-- Generated by org.testng.reporters.JUnitReportReporter -->
<testsuite hostname="Gaurav" failures="0" tests="2" name="FrontPageTest.DahBoardTest" time="1.741" errors="0" timestamp="2022-08-22T17:56:43 IST" skipped="0">
  <testcase classname="FrontPageTest.DahBoardTest" name="VerifyFrontTest" time="0.443"/>
  <system-out/>
  <testcase classname="FrontPageTest.DahBoardTest" name="VerifyDashBoard" time="1.298"/>
  <system-out/>
</testsuite> <!-- FrontPageTest.DahBoardTest -->
