<?xml version="1.0" encoding="UTF-8"?>
<!-- Generated by org.testng.reporters.JUnitReportReporter -->
<testsuite hostname="Gaurav" failures="0" tests="1" name="FrontPageTest.FrontLoginTest" time="0.439" errors="0" timestamp="2022-08-22T17:56:43 IST" skipped="0">
  <testcase classname="FrontPageTest.FrontLoginTest" name="StartLoginProcess" time="0.439"/>
  <system-out/>
</testsuite> <!-- FrontPageTest.FrontLoginTest -->
