<?xml version="1.0" encoding="UTF-8"?>
<!-- Generated by org.testng.reporters.JUnitReportReporter -->
<testsuite hostname="Gaurav" failures="0" tests="1" name="FrontPageTest.FrontObjectTest" time="0.219" errors="0" timestamp="2022-08-22T17:56:43 IST" skipped="0">
  <testcase classname="FrontPageTest.FrontObjectTest" name="ObjectTest" time="0.219"/>
  <system-out/>
</testsuite> <!-- FrontPageTest.FrontObjectTest -->
