<?xml version="1.0" encoding="UTF-8"?>
<!-- Generated by org.testng.reporters.JUnitReportReporter -->
<testsuite hostname="Gaurav" failures="0" tests="2" name="FrontPageTest.HoldingTest" time="1.763" errors="0" timestamp="2022-08-22T17:56:43 IST" skipped="0">
  <testcase classname="FrontPageTest.HoldingTest" name="VerifyFrontPageTest" time="0.409"/>
  <system-out/>
  <testcase classname="FrontPageTest.HoldingTest" name="VerifyHoldingTest" time="1.354"/>
  <system-out/>
</testsuite> <!-- FrontPageTest.HoldingTest -->
