<?xml version="1.0" encoding="UTF-8"?>
<!-- Generated by org.testng.reporters.JUnitReportReporter -->
<testsuite hostname="Gaurav" failures="0" tests="5" name="logintestcase.frontLogintest" time="17.945" errors="0" timestamp="2022-08-10T17:28:14 IST" skipped="0">
  <testcase classname="logintestcase.frontLogintest" name="intiallogingMethod" time="2.255"/>
  <system-out/>
  <testcase classname="logintestcase.frontLogintest" name="intiallogingMethod" time="2.098"/>
  <system-out/>
  <testcase classname="logintestcase.frontLogintest" name="intiallogingMethod" time="9.229"/>
  <system-out/>
  <testcase classname="logintestcase.frontLogintest" name="intiallogingMethod" time="2.139"/>
  <system-out/>
  <testcase classname="logintestcase.frontLogintest" name="intiallogingMethod" time="2.224"/>
  <system-out/>
</testsuite> <!-- logintestcase.frontLogintest -->
