<?xml version="1.0" encoding="UTF-8"?>
<!-- Generated by org.testng.reporters.JUnitReportReporter -->
<testsuite hostname="Gaurav" failures="0" tests="6" name="logintestcase.loginTest" time="12.548" errors="0" timestamp="2022-08-10T17:28:14 IST" skipped="0">
  <testcase classname="logintestcase.loginTest" name="verifyidontHaveAcount" time="2.022"/>
  <system-out/>
  <testcase classname="logintestcase.loginTest" name="verifylogo" time="2.109"/>
  <system-out/>
  <testcase classname="logintestcase.loginTest" name="verifyuseridText" time="2.081"/>
  <system-out/>
  <testcase classname="logintestcase.loginTest" name="verifyPassword" time="2.067"/>
  <system-out/>
  <testcase classname="logintestcase.loginTest" name="verifyfrontlogo1Test" time="2.091"/>
  <system-out/>
  <testcase classname="logintestcase.loginTest" name="verifyforgetUsernam" time="2.178"/>
  <system-out/>
</testsuite> <!-- logintestcase.loginTest -->
