<?xml version="1.0" encoding="UTF-8"?>
<!-- Generated by org.testng.reporters.JUnitReportReporter -->
<testsuite hostname="Gaurav" failures="0" tests="1" name="logintestcase.finalFrontLoginTest" time="2.929" errors="0" timestamp="2022-08-11T09:01:12 IST" skipped="0">
  <testcase classname="logintestcase.finalFrontLoginTest" name="finalDataHardcore" time="2.929"/>
  <system-out/>
</testsuite> <!-- logintestcase.finalFrontLoginTest -->
