<?xml version="1.0" encoding="UTF-8"?>
<!-- Generated by org.testng.reporters.JUnitReportReporter -->
<testsuite hostname="Gaurav" failures="0" tests="6" name="logintestcase.loginTest" time="15.516" errors="0" timestamp="2022-08-10T15:17:27 IST" skipped="0">
  <testcase classname="logintestcase.loginTest" name="verifyPassword" time="3.019"/>
  <system-out/>
  <testcase classname="logintestcase.loginTest" name="verifyforgetUsernam" time="1.988"/>
  <system-out/>
  <testcase classname="logintestcase.loginTest" name="verifyuseridText" time="4.121"/>
  <system-out/>
  <testcase classname="logintestcase.loginTest" name="verifyidontHaveAcount" time="2.055"/>
  <system-out/>
  <testcase classname="logintestcase.loginTest" name="verifylogo" time="2.162"/>
  <system-out/>
  <testcase classname="logintestcase.loginTest" name="verifyfrontlogo1Test" time="2.171"/>
  <system-out/>
</testsuite> <!-- logintestcase.loginTest -->
