<?xml version="1.0" encoding="UTF-8"?>
<!-- Generated by org.testng.reporters.JUnitReportReporter -->
<testsuite hostname="Gaurav" failures="0" tests="6" name="logintestcase.loginTest" time="21.471" errors="0" timestamp="2022-08-09T18:05:31 IST" skipped="0">
  <testcase classname="logintestcase.loginTest" name="verifyforgetUsernam" time="5.565"/>
  <system-out/>
  <testcase classname="logintestcase.loginTest" name="verifyPassword" time="6.321"/>
  <system-out/>
  <testcase classname="logintestcase.loginTest" name="verifyidontHaveAcount" time="2.271"/>
  <system-out/>
  <testcase classname="logintestcase.loginTest" name="verifyuseridText" time="2.353"/>
  <system-out/>
  <testcase classname="logintestcase.loginTest" name="verifyfrontlogo1Test" time="2.440"/>
  <system-out/>
  <testcase classname="logintestcase.loginTest" name="verifylogo" time="2.521"/>
  <system-out/>
</testsuite> <!-- logintestcase.loginTest -->
