<?xml version="1.0" encoding="UTF-8"?>
<!-- Generated by org.testng.reporters.JUnitReportReporter -->
<testsuite hostname="Gaurav" failures="0" tests="5" name="logintestcase.frontLogintest" time="13.960" errors="0" timestamp="2022-08-09T18:05:31 IST" skipped="0">
  <testcase classname="logintestcase.frontLogintest" name="intiallogingMethod" time="2.452"/>
  <system-out/>
  <testcase classname="logintestcase.frontLogintest" name="intiallogingMethod" time="2.536"/>
  <system-out/>
  <testcase classname="logintestcase.frontLogintest" name="intiallogingMethod" time="2.577"/>
  <system-out/>
  <testcase classname="logintestcase.frontLogintest" name="intiallogingMethod" time="3.740"/>
  <system-out/>
  <testcase classname="logintestcase.frontLogintest" name="intiallogingMethod" time="2.655"/>
  <system-out/>
</testsuite> <!-- logintestcase.frontLogintest -->
