<?xml version="1.0" encoding="UTF-8"?>
<!-- Generated by org.testng.reporters.JUnitReportReporter -->
<testsuite hostname="Gaurav" failures="0" tests="5" name="logintestcase.frontLogintest" time="13.279" errors="0" timestamp="2022-08-08T20:52:07 IST" skipped="0">
  <testcase classname="logintestcase.frontLogintest" name="intiallogingMethod" time="1.548"/>
  <system-out/>
  <testcase classname="logintestcase.frontLogintest" name="intiallogingMethod" time="3.389"/>
  <system-out/>
  <testcase classname="logintestcase.frontLogintest" name="intiallogingMethod" time="5.556"/>
  <system-out/>
  <testcase classname="logintestcase.frontLogintest" name="intiallogingMethod" time="1.382"/>
  <system-out/>
  <testcase classname="logintestcase.frontLogintest" name="intiallogingMethod" time="1.404"/>
  <system-out/>
</testsuite> <!-- logintestcase.frontLogintest -->
