<?xml version="1.0" encoding="UTF-8"?>
<!-- Generated by org.testng.reporters.JUnitReportReporter -->
<testsuite hostname="Gaurav" failures="0" tests="6" name="logintestcase.loginTest" time="16.797" errors="0" timestamp="2022-08-08T20:52:07 IST" skipped="0">
  <testcase classname="logintestcase.loginTest" name="verifyuseridText" time="1.302"/>
  <system-out/>
  <testcase classname="logintestcase.loginTest" name="verifyforgetUsernam" time="1.340"/>
  <system-out/>
  <testcase classname="logintestcase.loginTest" name="verifylogo" time="5.447"/>
  <system-out/>
  <testcase classname="logintestcase.loginTest" name="verifyfrontlogo1Test" time="5.380"/>
  <system-out/>
  <testcase classname="logintestcase.loginTest" name="verifyidontHaveAcount" time="1.329"/>
  <system-out/>
  <testcase classname="logintestcase.loginTest" name="verifyPassword" time="1.999"/>
  <system-out/>
</testsuite> <!-- logintestcase.loginTest -->
