<?xml version="1.0" encoding="UTF-8"?>
<!-- Generated by org.testng.reporters.JUnitReportReporter -->
<testsuite hostname="Gaurav" failures="0" tests="1" name="homePageLoginTest.homepageObjectTest" time="0.201" errors="0" timestamp="2022-08-14T10:24:08 IST" skipped="0">
  <testcase classname="homePageLoginTest.homepageObjectTest" name="ObjectFind" time="0.201"/>
  <system-out/>
</testsuite> <!-- homePageLoginTest.homepageObjectTest -->
