<?xml version="1.0" encoding="UTF-8"?>
<!-- Generated by org.testng.reporters.JUnitReportReporter -->
<testsuite hostname="Gaurav" failures="0" tests="1" name="logintestcase.finalFrontLoginTest" time="1.892" errors="0" timestamp="2022-08-11T06:46:39 IST" skipped="0">
  <testcase classname="logintestcase.finalFrontLoginTest" name="finalDataHardcore" time="1.892"/>
  <system-out/>
</testsuite> <!-- logintestcase.finalFrontLoginTest -->
