<?xml version="1.0" encoding="UTF-8"?>
<!-- Generated by org.testng.reporters.JUnitReportReporter -->
<testsuite hostname="Gaurav" failures="0" tests="6" name="logintestcase.loginTest" time="18.020" errors="0" timestamp="2022-08-11T06:46:39 IST" skipped="0">
  <testcase classname="logintestcase.loginTest" name="verifyforgetUsernam" time="4.198"/>
  <system-out/>
  <testcase classname="logintestcase.loginTest" name="verifyidontHaveAcount" time="1.789"/>
  <system-out/>
  <testcase classname="logintestcase.loginTest" name="verifylogo" time="1.952"/>
  <system-out/>
  <testcase classname="logintestcase.loginTest" name="verifyuseridText" time="4.136"/>
  <system-out/>
  <testcase classname="logintestcase.loginTest" name="verifyfrontlogo1Test" time="1.812"/>
  <system-out/>
  <testcase classname="logintestcase.loginTest" name="verifyPassword" time="4.133"/>
  <system-out/>
</testsuite> <!-- logintestcase.loginTest -->
