<?xml version="1.0" encoding="UTF-8"?>
<!-- Generated by org.testng.reporters.JUnitReportReporter -->
<testsuite hostname="Gaurav" failures="0" tests="5" name="logintestcase.frontLogintest" time="20.186" errors="0" timestamp="2022-08-13T16:31:14 IST" skipped="0">
  <testcase classname="logintestcase.frontLogintest" name="intiallogingMethod" time="4.998"/>
  <system-out/>
  <testcase classname="logintestcase.frontLogintest" name="intiallogingMethod" time="3.792"/>
  <system-out/>
  <testcase classname="logintestcase.frontLogintest" name="intiallogingMethod" time="3.791"/>
  <system-out/>
  <testcase classname="logintestcase.frontLogintest" name="intiallogingMethod" time="3.875"/>
  <system-out/>
  <testcase classname="logintestcase.frontLogintest" name="intiallogingMethod" time="3.730"/>
  <system-out/>
</testsuite> <!-- logintestcase.frontLogintest -->
