<?xml version="1.0" encoding="UTF-8"?>
<!-- Generated by org.testng.reporters.JUnitReportReporter -->
<testsuite hostname="Gaurav" failures="0" tests="1" name="FrontPageTest.FrontObjectTest" time="0.179" errors="0" timestamp="2022-08-27T20:51:47 IST" skipped="0">
  <testcase classname="FrontPageTest.FrontObjectTest" name="ObjectTest" time="0.179"/>
  <system-out/>
</testsuite> <!-- FrontPageTest.FrontObjectTest -->
